<?xml version="1.0" encoding="UTF-8"?>
<testsuite name="edu.sabanciuniv.restAPI.RestApiApplicationTests" tests="1" skipped="0" failures="0" errors="0" timestamp="2022-04-21T18:58:38" hostname="Tugce-MacBook-Air.local" time="1.118">
  <properties/>
  <testcase name="contextLoads()" classname="edu.sabanciuniv.restAPI.RestApiApplicationTests" time="1.118"/>
  <system-out><![CDATA[21:58:31.974 [Test worker] DEBUG org.springframework.test.context.BootstrapUtils - Instantiating CacheAwareContextLoaderDelegate from class [org.springframework.test.context.cache.DefaultCacheAwareContextLoaderDelegate]
21:58:32.004 [Test worker] DEBUG org.springframework.test.context.BootstrapUtils - Instantiating BootstrapContext using constructor [public org.springframework.test.context.support.DefaultBootstrapContext(java.lang.Class,org.springframework.test.context.CacheAwareContextLoaderDelegate)]
21:58:32.128 [Test worker] DEBUG org.springframework.test.context.BootstrapUtils - Instantiating TestContextBootstrapper for test class [edu.sabanciuniv.restAPI.RestApiApplicationTests] from class [org.springframework.boot.test.context.SpringBootTestContextBootstrapper]
21:58:32.177 [Test worker] INFO org.springframework.boot.test.context.SpringBootTestContextBootstrapper - Neither @ContextConfiguration nor @ContextHierarchy found for test class [edu.sabanciuniv.restAPI.RestApiApplicationTests], using SpringBootContextLoader
21:58:32.193 [Test worker] DEBUG org.springframework.test.context.support.AbstractContextLoader - Did not detect default resource location for test class [edu.sabanciuniv.restAPI.RestApiApplicationTests]: class path resource [edu/sabanciuniv/restAPI/RestApiApplicationTests-context.xml] does not exist
21:58:32.195 [Test worker] DEBUG org.springframework.test.context.support.AbstractContextLoader - Did not detect default resource location for test class [edu.sabanciuniv.restAPI.RestApiApplicationTests]: class path resource [edu/sabanciuniv/restAPI/RestApiApplicationTestsContext.groovy] does not exist
21:58:32.196 [Test worker] INFO org.springframework.test.context.support.AbstractContextLoader - Could not detect default resource locations for test class [edu.sabanciuniv.restAPI.RestApiApplicationTests]: no resource found for suffixes {-context.xml, Context.groovy}.
21:58:32.201 [Test worker] INFO org.springframework.test.context.support.AnnotationConfigContextLoaderUtils - Could not detect default configuration classes for test class [edu.sabanciuniv.restAPI.RestApiApplicationTests]: RestApiApplicationTests does not declare any static, non-private, non-final, nested classes annotated with @Configuration.
21:58:32.329 [Test worker] DEBUG org.springframework.test.context.support.ActiveProfilesUtils - Could not find an 'annotation declaring class' for annotation type [org.springframework.test.context.ActiveProfiles] and class [edu.sabanciuniv.restAPI.RestApiApplicationTests]
21:58:32.572 [Test worker] DEBUG org.springframework.context.annotation.ClassPathScanningCandidateComponentProvider - Identified candidate component class: file [/Users/tugcefatih/Documents/workspace-spring-tool-suite-4-4.14.0.RELEASE/rest-api/build/classes/java/main/edu/sabanciuniv/restAPI/RestApiApplication.class]
21:58:32.574 [Test worker] INFO org.springframework.boot.test.context.SpringBootTestContextBootstrapper - Found @SpringBootConfiguration edu.sabanciuniv.restAPI.RestApiApplication for test class edu.sabanciuniv.restAPI.RestApiApplicationTests
21:58:32.892 [Test worker] DEBUG org.springframework.boot.test.context.SpringBootTestContextBootstrapper - @TestExecutionListeners is not present for class [edu.sabanciuniv.restAPI.RestApiApplicationTests]: using defaults.
21:58:32.892 [Test worker] INFO org.springframework.boot.test.context.SpringBootTestContextBootstrapper - Loaded default TestExecutionListener class names from location [META-INF/spring.factories]: [org.springframework.boot.test.autoconfigure.restdocs.RestDocsTestExecutionListener, org.springframework.boot.test.autoconfigure.web.client.MockRestServiceServerResetTestExecutionListener, org.springframework.boot.test.autoconfigure.web.servlet.MockMvcPrintOnlyOnFailureTestExecutionListener, org.springframework.boot.test.autoconfigure.web.servlet.WebDriverTestExecutionListener, org.springframework.boot.test.autoconfigure.webservices.client.MockWebServiceServerTestExecutionListener, org.springframework.boot.test.mock.mockito.MockitoTestExecutionListener, org.springframework.boot.test.mock.mockito.ResetMocksTestExecutionListener, org.springframework.test.context.web.ServletTestExecutionListener, org.springframework.test.context.support.DirtiesContextBeforeModesTestExecutionListener, org.springframework.test.context.event.ApplicationEventsTestExecutionListener, org.springframework.test.context.support.DependencyInjectionTestExecutionListener, org.springframework.test.context.support.DirtiesContextTestExecutionListener, org.springframework.test.context.transaction.TransactionalTestExecutionListener, org.springframework.test.context.jdbc.SqlScriptsTestExecutionListener, org.springframework.test.context.event.EventPublishingTestExecutionListener]
21:58:32.928 [Test worker] DEBUG org.springframework.boot.test.context.SpringBootTestContextBootstrapper - Skipping candidate TestExecutionListener [org.springframework.test.context.transaction.TransactionalTestExecutionListener] due to a missing dependency. Specify custom listener classes or make the default listener classes and their required dependencies available. Offending class: [org/springframework/transaction/interceptor/TransactionAttributeSource]
21:58:32.934 [Test worker] DEBUG org.springframework.boot.test.context.SpringBootTestContextBootstrapper - Skipping candidate TestExecutionListener [org.springframework.test.context.jdbc.SqlScriptsTestExecutionListener] due to a missing dependency. Specify custom listener classes or make the default listener classes and their required dependencies available. Offending class: [org/springframework/transaction/interceptor/TransactionAttribute]
21:58:32.935 [Test worker] INFO org.springframework.boot.test.context.SpringBootTestContextBootstrapper - Using TestExecutionListeners: [org.springframework.test.context.web.ServletTestExecutionListener@3676ac27, org.springframework.test.context.support.DirtiesContextBeforeModesTestExecutionListener@62f87c44, org.springframework.test.context.event.ApplicationEventsTestExecutionListener@48f5bde6, org.springframework.boot.test.mock.mockito.MockitoTestExecutionListener@525d79f0, org.springframework.boot.test.autoconfigure.SpringBootDependencyInjectionTestExecutionListener@5149f008, org.springframework.test.context.support.DirtiesContextTestExecutionListener@7072bc39, org.springframework.test.context.event.EventPublishingTestExecutionListener@158d255c, org.springframework.boot.test.autoconfigure.restdocs.RestDocsTestExecutionListener@2ca65ce4, org.springframework.boot.test.autoconfigure.web.client.MockRestServiceServerResetTestExecutionListener@327120c8, org.springframework.boot.test.autoconfigure.web.servlet.MockMvcPrintOnlyOnFailureTestExecutionListener@5707c1cb, org.springframework.boot.test.autoconfigure.web.servlet.WebDriverTestExecutionListener@2b5cb9b2, org.springframework.boot.test.autoconfigure.webservices.client.MockWebServiceServerTestExecutionListener@35038141, org.springframework.boot.test.mock.mockito.ResetMocksTestExecutionListener@ecf9049]
21:58:32.949 [Test worker] DEBUG org.springframework.test.context.support.AbstractDirtiesContextTestExecutionListener - Before test class: context [DefaultTestContext@5a4bef8 testClass = RestApiApplicationTests, testInstance = [null], testMethod = [null], testException = [null], mergedContextConfiguration = [WebMergedContextConfiguration@40bffbca testClass = RestApiApplicationTests, locations = '{}', classes = '{class edu.sabanciuniv.restAPI.RestApiApplication}', contextInitializerClasses = '[]', activeProfiles = '{}', propertySourceLocations = '{}', propertySourceProperties = '{org.springframework.boot.test.context.SpringBootTestContextBootstrapper=true}', contextCustomizers = set[org.springframework.boot.test.autoconfigure.actuate.metrics.MetricsExportContextCustomizerFactory$DisableMetricExportContextCustomizer@14d14731, org.springframework.boot.test.autoconfigure.properties.PropertyMappingContextCustomizer@0, org.springframework.boot.test.autoconfigure.web.servlet.WebDriverContextCustomizerFactory$Customizer@5c153b9e, org.springframework.boot.test.context.filter.ExcludeFilterContextCustomizer@1522d8a0, org.springframework.boot.test.json.DuplicateJsonObjectContextCustomizerFactory$DuplicateJsonObjectContextCustomizer@246f8b8b, org.springframework.boot.test.mock.mockito.MockitoContextCustomizer@0, org.springframework.boot.test.web.client.TestRestTemplateContextCustomizer@5bd82fed, org.springframework.boot.test.context.SpringBootTestArgs@1, org.springframework.boot.test.context.SpringBootTestWebEnvironment@3bcd05cb], resourceBasePath = 'src/main/webapp', contextLoader = 'org.springframework.boot.test.context.SpringBootContextLoader', parent = [null]], attributes = map['org.springframework.test.context.web.ServletTestExecutionListener.activateListener' -> true]], class annotated with @DirtiesContext [false] with mode [null].

  .   ____          _            __ _ _
 /\\ / ___'_ __ _ _(_)_ __  __ _ \ \ \ \
( ( )\___ | '_ | '_| | '_ \/ _` | \ \ \ \
 \\/  ___)| |_)| | | | | || (_| |  ) ) ) )
  '  |____| .__|_| |_|_| |_\__, | / / / /
 =========|_|==============|___/=/_/_/_/
 :: Spring Boot ::                (v2.6.6)

2022-04-21 21:58:34.302  INFO 1398 --- [    Test worker] e.s.restAPI.RestApiApplicationTests      : Starting RestApiApplicationTests using Java 17.0.2 on Tugce-MacBook-Air.local with PID 1398 (started by tugcefatih in /Users/tugcefatih/Documents/workspace-spring-tool-suite-4-4.14.0.RELEASE/rest-api)
2022-04-21 21:58:34.305  INFO 1398 --- [    Test worker] e.s.restAPI.RestApiApplicationTests      : No active profile set, falling back to 1 default profile: "default"
Userdao calisti!
2022-04-21 21:58:38.708  INFO 1398 --- [    Test worker] e.s.restAPI.RestApiApplicationTests      : Started RestApiApplicationTests in 5.608 seconds (JVM running for 9.392)
]]></system-out>
  <system-err><![CDATA[]]></system-err>
</testsuite>
